curl: Saved to filename 'metadata.tsv'
curl: Saved to filename 'ENCFF979WXE.tar.gz'
curl: Saved to filename 'ENCFF837DVA.tar.gz'
curl: Saved to filename 'ENCFF048RAV.tar.gz'
curl: Saved to filename 'ENCFF160XTO.tar.gz'
curl: Saved to filename 'ENCFF340UGS.tar.gz'
curl: Saved to filename 'ENCFF926IRN.tar.gz'
curl: Saved to filename 'ENCFF881IVZ.tar.gz'
curl: Saved to filename 'ENCFF136BWA.tar.gz'
curl: Saved to filename 'ENCFF454IEI.tar.gz'
curl: Saved to filename 'ENCFF112KSY.tar.gz'
curl: Saved to filename 'ENCFF937BVG.tar.gz'
curl: Saved to filename 'ENCFF026OWF.tar.gz'
curl: Saved to filename 'ENCFF592GXV.tar.gz'
curl: Saved to filename 'ENCFF245HDH.tar.gz'
curl: Saved to filename 'ENCFF115JIG.tar.gz'
curl: Saved to filename 'ENCFF349GLQ.tar.gz'
curl: Saved to filename 'ENCFF122YOJ.tar.gz'
curl: Saved to filename 'ENCFF780SSC.tar.gz'
curl: Saved to filename 'ENCFF547JPH.tar.gz'
curl: Saved to filename 'ENCFF684YRA.tar.gz'
curl: Saved to filename 'ENCFF382JCD.tar.gz'
curl: Saved to filename 'ENCFF914LGV.tar.gz'
curl: Saved to filename 'ENCFF033JTC.tar.gz'
curl: Saved to filename 'ENCFF261QSK.tar.gz'
curl: Saved to filename 'ENCFF799BVZ.tar.gz'
curl: Saved to filename 'ENCFF797ADB.tar.gz'
curl: Saved to filename 'ENCFF976KRH.tar.gz'
curl: Saved to filename 'ENCFF789ZSK.tar.gz'
curl: Saved to filename 'ENCFF671RVS.tar.gz'
curl: Saved to filename 'ENCFF685OER.tar.gz'
curl: Saved to filename 'ENCFF677GSK.tar.gz'
curl: Saved to filename 'ENCFF316FCM.tar.gz'
curl: Saved to filename 'ENCFF640MQW.tar.gz'
curl: Saved to filename 'ENCFF692EVE.tar.gz'
curl: Saved to filename 'ENCFF718SJZ.tar.gz'
curl: Saved to filename 'ENCFF499BAR.tar.gz'
curl: Saved to filename 'ENCFF375RQU.tar.gz'
curl: Saved to filename 'ENCFF948AMT.tar.gz'
curl: Saved to filename 'ENCFF894MDZ.tar.gz'
curl: Saved to filename 'ENCFF040FDO.tar.gz'
curl: Saved to filename 'ENCFF586RZU.tar.gz'
curl: Saved to filename 'ENCFF559WXW.tar.gz'
curl: Saved to filename 'ENCFF654VZJ.tar.gz'
curl: Saved to filename 'ENCFF957QDM.tar.gz'
curl: Saved to filename 'ENCFF908RWZ.tar.gz'
curl: Saved to filename 'ENCFF489ZUW.tar.gz'
curl: Saved to filename 'ENCFF508CLR.tar.gz'
curl: Saved to filename 'ENCFF287RXU.tar.gz'
curl: Saved to filename 'ENCFF447PMI.tar.gz'
curl: Saved to filename 'ENCFF294YGI.tar.gz'
curl: Saved to filename 'ENCFF506YJP.tar.gz'
curl: Saved to filename 'ENCFF794XTM.tar.gz'
curl: Saved to filename 'ENCFF874IVZ.tar.gz'
curl: Saved to filename 'ENCFF654LFW.tar.gz'
curl: Saved to filename 'ENCFF854PDW.tar.gz'
curl: Saved to filename 'ENCFF930SBW.tar.gz'
curl: Saved to filename 'ENCFF250NYD.tar.gz'
curl: Saved to filename 'ENCFF906FLW.tar.gz'
curl: Saved to filename 'ENCFF669IUD.tar.gz'
curl: Saved to filename 'ENCFF393NCE.tar.gz'
curl: Saved to filename 'ENCFF529OCF.tar.gz'
curl: Saved to filename 'ENCFF005HKC.tar.gz'
curl: Saved to filename 'ENCFF619IUH.tar.gz'
curl: Saved to filename 'ENCFF788YTS.tar.gz'
curl: Saved to filename 'ENCFF620FIQ.tar.gz'
curl: Saved to filename 'ENCFF880KVA.tar.gz'
curl: Saved to filename 'ENCFF468SAG.tar.gz'
curl: Saved to filename 'ENCFF550CQR.tar.gz'
curl: Saved to filename 'ENCFF407KYC.tar.gz'
curl: Saved to filename 'ENCFF376OAO.tar.gz'
curl: Saved to filename 'ENCFF750CZP.tar.gz'
curl: Saved to filename 'ENCFF610SWC.tar.gz'
curl: Saved to filename 'ENCFF331XHW.tar.gz'
curl: Saved to filename 'ENCFF921PJL.tar.gz'
curl: Saved to filename 'ENCFF843JXE.tar.gz'
curl: Saved to filename 'ENCFF166WPK.tar.gz'
curl: Saved to filename 'ENCFF670BEU.tar.gz'
curl: Saved to filename 'ENCFF911TNW.tar.gz'
curl: Saved to filename 'ENCFF065YZL.tar.gz'
curl: Saved to filename 'ENCFF627ZZD.tar.gz'
curl: Saved to filename 'ENCFF163XGY.tar.gz'
curl: Saved to filename 'ENCFF260MAH.tar.gz'
curl: Saved to filename 'ENCFF540ETU.tar.gz'
curl: Saved to filename 'ENCFF729IHL.tar.gz'
curl: Saved to filename 'ENCFF779HDS.tar.gz'
curl: Saved to filename 'ENCFF515VDG.tar.gz'
curl: Saved to filename 'ENCFF227ZRS.tar.gz'
curl: Saved to filename 'ENCFF382SUT.tar.gz'
curl: Saved to filename 'ENCFF619REF.tar.gz'
curl: Saved to filename 'ENCFF125CQA.tar.gz'
curl: Saved to filename 'ENCFF674YGW.tar.gz'
curl: Saved to filename 'ENCFF940QIZ.tar.gz'
curl: Saved to filename 'ENCFF354WNP.tar.gz'
curl: Saved to filename 'ENCFF774JHO.tar.gz'
curl: Saved to filename 'ENCFF302HFR.tar.gz'
curl: Saved to filename 'ENCFF237KLH.tar.gz'
curl: Saved to filename 'ENCFF929YHL.tar.gz'
curl: Saved to filename 'ENCFF979XKC.tar.gz'
curl: Saved to filename 'ENCFF698CZE.tar.gz'
curl: Saved to filename 'ENCFF520NOB.tar.gz'
curl: Saved to filename 'ENCFF175QZK.tar.gz'
curl: Saved to filename 'ENCFF582LJF.tar.gz'
curl: Saved to filename 'ENCFF374UYC.tar.gz'
curl: Saved to filename 'ENCFF823PTE.tar.gz'
curl: Saved to filename 'ENCFF465YHJ.tar.gz'
curl: Saved to filename 'ENCFF099LAA.tar.gz'
curl: Saved to filename 'ENCFF883PAZ.tar.gz'
curl: Saved to filename 'ENCFF534RLH.tar.gz'
curl: Saved to filename 'ENCFF777XGM.tar.gz'
curl: Saved to filename 'ENCFF971QJE.tar.gz'
curl: Saved to filename 'ENCFF686GDK.tar.gz'
curl: Saved to filename 'ENCFF064CRU.tar.gz'
curl: Saved to filename 'ENCFF601WXH.tar.gz'
curl: Saved to filename 'ENCFF631AAE.tar.gz'
curl: Saved to filename 'ENCFF653UZO.tar.gz'
curl: Saved to filename 'ENCFF369WOY.tar.gz'
curl: Saved to filename 'ENCFF992YXD.tar.gz'
curl: Saved to filename 'ENCFF524QBH.tar.gz'
curl: Saved to filename 'ENCFF278LFJ.tar.gz'
curl: Saved to filename 'ENCFF081NID.tar.gz'
curl: Saved to filename 'ENCFF619BXW.tar.gz'
curl: Saved to filename 'ENCFF846NDO.tar.gz'
curl: Saved to filename 'ENCFF990QGO.tar.gz'
curl: Saved to filename 'ENCFF534QKS.tar.gz'
curl: Saved to filename 'ENCFF412YDZ.tar.gz'
curl: Saved to filename 'ENCFF155WQW.tar.gz'
curl: Saved to filename 'ENCFF924PBE.tar.gz'
curl: Saved to filename 'ENCFF697JED.tar.gz'
curl: Saved to filename 'ENCFF118QLE.tar.gz'
curl: Saved to filename 'ENCFF636OLA.tar.gz'
curl: Saved to filename 'ENCFF598QHN.tar.gz'
curl: Saved to filename 'ENCFF725LUZ.tar.gz'
curl: Saved to filename 'ENCFF013VXD.tar.gz'
curl: Saved to filename 'ENCFF571XTK.tar.gz'
curl: Saved to filename 'ENCFF529MWF.tar.gz'
curl: Saved to filename 'ENCFF050BVO.tar.gz'
curl: Saved to filename 'ENCFF793IPC.tar.gz'
curl: Saved to filename 'ENCFF827YMI.tar.gz'
curl: Saved to filename 'ENCFF020HJU.tar.gz'
curl: Saved to filename 'ENCFF317TJO.tar.gz'
curl: Saved to filename 'ENCFF837GRY.tar.gz'
curl: Saved to filename 'ENCFF051XPU.tar.gz'
curl: Saved to filename 'ENCFF762VSU.tar.gz'
curl: Saved to filename 'ENCFF178EEN.tar.gz'
curl: Saved to filename 'ENCFF649DJW.tar.gz'
curl: Saved to filename 'ENCFF188DXG.tar.gz'
curl: Saved to filename 'ENCFF678WSJ.tar.gz'
curl: Saved to filename 'ENCFF181DVF.tar.gz'
curl: Saved to filename 'ENCFF532EFQ.tar.gz'
curl: Saved to filename 'ENCFF225JAP.tar.gz'
curl: Saved to filename 'ENCFF415YAF.tar.gz'
curl: Saved to filename 'ENCFF882CTI.tar.gz'
curl: Saved to filename 'ENCFF825LSW.tar.gz'
curl: Saved to filename 'ENCFF792BFX.tar.gz'
curl: Saved to filename 'ENCFF530GRI.tar.gz'
curl: Saved to filename 'ENCFF852KDF.tar.gz'
curl: Saved to filename 'ENCFF100LQA.tar.gz'
curl: Saved to filename 'ENCFF068JJH.tar.gz'
curl: Saved to filename 'ENCFF864RDV.tar.gz'
curl: Saved to filename 'ENCFF392SEB.tar.gz'
curl: Saved to filename 'ENCFF597FTZ.tar.gz'
curl: Saved to filename 'ENCFF266VFX.tar.gz'
curl: Saved to filename 'ENCFF804TTW.tar.gz'
curl: Saved to filename 'ENCFF394DHC.tar.gz'
curl: Saved to filename 'ENCFF082CQW.tar.gz'
curl: Saved to filename 'ENCFF161HLE.tar.gz'
curl: Saved to filename 'ENCFF262GLU.tar.gz'
curl: Saved to filename 'ENCFF708DBJ.tar.gz'
curl: Saved to filename 'ENCFF900MWO.tar.gz'
curl: Saved to filename 'ENCFF656AKQ.tar.gz'
curl: Saved to filename 'ENCFF888RLC.tar.gz'
curl: Saved to filename 'ENCFF403CLZ.tar.gz'
curl: Saved to filename 'ENCFF497CLL.tar.gz'
curl: Saved to filename 'ENCFF489LKH.tar.gz'
curl: Saved to filename 'ENCFF565NTX.tar.gz'
curl: Saved to filename 'ENCFF397POJ.tar.gz'
curl: Saved to filename 'ENCFF620QPN.tar.gz'
curl: Saved to filename 'ENCFF936DLK.tar.gz'
curl: Saved to filename 'ENCFF873UCS.tar.gz'
curl: Saved to filename 'ENCFF150XJB.tar.gz'
curl: Saved to filename 'ENCFF642ZRA.tar.gz'
curl: Saved to filename 'ENCFF241MDG.tar.gz'
curl: Saved to filename 'ENCFF444GUD.tar.gz'
curl: Saved to filename 'ENCFF400PVV.tar.gz'
curl: Saved to filename 'ENCFF537MDQ.tar.gz'
curl: Saved to filename 'ENCFF282EKM.tar.gz'
curl: Saved to filename 'ENCFF237RRM.tar.gz'
curl: Saved to filename 'ENCFF222AZS.tar.gz'
curl: Saved to filename 'ENCFF722YTU.tar.gz'
curl: Saved to filename 'ENCFF385LFB.tar.gz'
curl: Saved to filename 'ENCFF808XNC.tar.gz'
curl: Saved to filename 'ENCFF842NJZ.tar.gz'
curl: Saved to filename 'ENCFF838YID.tar.gz'
curl: Saved to filename 'ENCFF159WNW.tar.gz'
curl: Saved to filename 'ENCFF506JON.tar.gz'
curl: Saved to filename 'ENCFF558MKG.tar.gz'
curl: Saved to filename 'ENCFF359FSC.tar.gz'
curl: Saved to filename 'ENCFF252PKI.tar.gz'
curl: Saved to filename 'ENCFF144AJU.tar.gz'
curl: Saved to filename 'ENCFF724IZZ.tar.gz'
curl: Saved to filename 'ENCFF438DYL.tar.gz'
curl: Saved to filename 'ENCFF608RMA.tar.gz'
curl: Saved to filename 'ENCFF722NKF.tar.gz'
curl: Saved to filename 'ENCFF352NLP.tar.gz'
curl: Saved to filename 'ENCFF779CJI.tar.gz'
curl: Saved to filename 'ENCFF873LWR.tar.gz'
curl: Saved to filename 'ENCFF384DMT.tar.gz'
curl: Saved to filename 'ENCFF430KEC.tar.gz'
curl: Saved to filename 'ENCFF794PMO.tar.gz'
curl: Saved to filename 'ENCFF692RNP.tar.gz'
curl: Saved to filename 'ENCFF816VIX.tar.gz'
curl: Saved to filename 'ENCFF147KJQ.tar.gz'
curl: Saved to filename 'ENCFF857PGA.tar.gz'
curl: Saved to filename 'ENCFF174WIK.tar.gz'
curl: Saved to filename 'ENCFF346DET.tar.gz'
curl: Saved to filename 'ENCFF153XLJ.tar.gz'
curl: Saved to filename 'ENCFF601RKS.tar.gz'
curl: Saved to filename 'ENCFF518ANV.tar.gz'
curl: Saved to filename 'ENCFF381VIT.tar.gz'
curl: Saved to filename 'ENCFF566LCH.tar.gz'
curl: Saved to filename 'ENCFF218VHF.tar.gz'
curl: Saved to filename 'ENCFF413SXT.tar.gz'
curl: Saved to filename 'ENCFF540WTW.tar.gz'
curl: Saved to filename 'ENCFF243TUG.tar.gz'
curl: Saved to filename 'ENCFF015JQD.tar.gz'
curl: Saved to filename 'ENCFF310JQS.tar.gz'
curl: Saved to filename 'ENCFF724BUA.tar.gz'
curl: Saved to filename 'ENCFF897EPA.tar.gz'
curl: Saved to filename 'ENCFF468MRD.tar.gz'
curl: Saved to filename 'ENCFF887VTC.tar.gz'
curl: Saved to filename 'ENCFF919HMB.tar.gz'
curl: Saved to filename 'ENCFF895SZY.tar.gz'
curl: Saved to filename 'ENCFF700OPG.tar.gz'
curl: Saved to filename 'ENCFF187TWY.tar.gz'
curl: Saved to filename 'ENCFF305GTC.tar.gz'
curl: Saved to filename 'ENCFF756MCT.tar.gz'
curl: Saved to filename 'ENCFF312CXM.tar.gz'
curl: Saved to filename 'ENCFF791ZWX.tar.gz'
curl: Saved to filename 'ENCFF145MUT.tar.gz'
curl: Saved to filename 'ENCFF789MXN.tar.gz'
curl: Saved to filename 'ENCFF456APF.tar.gz'
curl: Saved to filename 'ENCFF942HQU.tar.gz'
curl: Saved to filename 'ENCFF881RTY.tar.gz'
curl: Saved to filename 'ENCFF323ZJS.tar.gz'
curl: Saved to filename 'ENCFF551IKY.tar.gz'
curl: Saved to filename 'ENCFF958QWJ.tar.gz'
curl: Saved to filename 'ENCFF283ISI.tar.gz'
curl: Saved to filename 'ENCFF620QGJ.tar.gz'
curl: Saved to filename 'ENCFF878SIN.tar.gz'
curl: Saved to filename 'ENCFF026QYM.tar.gz'
curl: Saved to filename 'ENCFF500NPJ.tar.gz'
curl: Saved to filename 'ENCFF204SAL.tar.gz'
curl: Saved to filename 'ENCFF585SOZ.tar.gz'
curl: Saved to filename 'ENCFF811MAT.tar.gz'
curl: Saved to filename 'ENCFF926IHS.tar.gz'
curl: Saved to filename 'ENCFF839SHM.tar.gz'
curl: Saved to filename 'ENCFF532HWJ.tar.gz'
curl: Saved to filename 'ENCFF955YJV.tar.gz'
curl: Saved to filename 'ENCFF285QGN.tar.gz'
curl: Saved to filename 'ENCFF359ECE.tar.gz'
curl: Saved to filename 'ENCFF492ORZ.tar.gz'
curl: Saved to filename 'ENCFF776GLO.tar.gz'
curl: Saved to filename 'ENCFF605APC.tar.gz'
curl: Saved to filename 'ENCFF042HDP.tar.gz'
curl: Saved to filename 'ENCFF487ZNT.tar.gz'
curl: Saved to filename 'ENCFF917POV.tar.gz'
curl: Saved to filename 'ENCFF110AIM.tar.gz'
curl: Saved to filename 'ENCFF227GTS.tar.gz'
curl: Saved to filename 'ENCFF775LEK.tar.gz'
curl: Saved to filename 'ENCFF028VIG.tar.gz'
curl: Saved to filename 'ENCFF052TLF.tar.gz'
curl: Saved to filename 'ENCFF242CNE.tar.gz'
curl: Saved to filename 'ENCFF453JNI.tar.gz'
curl: Saved to filename 'ENCFF774FRA.tar.gz'
curl: Saved to filename 'ENCFF622NZZ.tar.gz'
curl: Saved to filename 'ENCFF116IRO.tar.gz'
curl: Saved to filename 'ENCFF318CRR.tar.gz'
curl: Saved to filename 'ENCFF745KTY.tar.gz'
curl: Saved to filename 'ENCFF267CMZ.tar.gz'
curl: Saved to filename 'ENCFF143FKO.tar.gz'
curl: Saved to filename 'ENCFF853YBZ.tar.gz'
curl: Saved to filename 'ENCFF540VMZ.tar.gz'
curl: Saved to filename 'ENCFF285VGH.tar.gz'
curl: Saved to filename 'ENCFF892LYK.tar.gz'
curl: Saved to filename 'ENCFF907APV.tar.gz'
curl: Saved to filename 'ENCFF941EYP.tar.gz'
curl: Saved to filename 'ENCFF508EVC.tar.gz'
curl: Saved to filename 'ENCFF322KQL.tar.gz'
curl: Saved to filename 'ENCFF729XRQ.tar.gz'
curl: Saved to filename 'ENCFF971OPH.tar.gz'
curl: Saved to filename 'ENCFF007MDK.tar.gz'
curl: Saved to filename 'ENCFF707WVW.tar.gz'
curl: Saved to filename 'ENCFF907LNC.tar.gz'
curl: Saved to filename 'ENCFF795SPC.tar.gz'
curl: Saved to filename 'ENCFF222YFL.tar.gz'
curl: Saved to filename 'ENCFF074BEM.tar.gz'
curl: Saved to filename 'ENCFF102TGD.tar.gz'
curl: Saved to filename 'ENCFF315JUJ.tar.gz'
curl: Saved to filename 'ENCFF487DQG.tar.gz'
curl: Saved to filename 'ENCFF243SXF.tar.gz'
curl: Saved to filename 'ENCFF477JSG.tar.gz'
curl: Saved to filename 'ENCFF831CYO.tar.gz'
curl: Saved to filename 'ENCFF946NJC.tar.gz'
curl: Saved to filename 'ENCFF115XKD.tar.gz'
curl: Saved to filename 'ENCFF433YGY.tar.gz'
curl: Saved to filename 'ENCFF189FRM.tar.gz'
curl: Saved to filename 'ENCFF725SHE.tar.gz'
curl: Saved to filename 'ENCFF167RAK.tar.gz'
curl: Saved to filename 'ENCFF972ILZ.tar.gz'
curl: Saved to filename 'ENCFF870KPI.tar.gz'
curl: Saved to filename 'ENCFF785ZXO.tar.gz'
curl: Saved to filename 'ENCFF519TAN.tar.gz'
curl: Saved to filename 'ENCFF138MAN.tar.gz'
curl: Saved to filename 'ENCFF930JMF.tar.gz'
curl: Saved to filename 'ENCFF895CPU.tar.gz'
curl: Saved to filename 'ENCFF797DBY.tar.gz'
curl: Saved to filename 'ENCFF394IGL.tar.gz'
curl: Saved to filename 'ENCFF541XGA.tar.gz'
curl: Saved to filename 'ENCFF489TJK.tar.gz'
curl: Saved to filename 'ENCFF773WGE.tar.gz'
curl: Saved to filename 'ENCFF596TKH.tar.gz'
curl: Saved to filename 'ENCFF213CZE.tar.gz'
curl: Saved to filename 'ENCFF574DXJ.tar.gz'
curl: Saved to filename 'ENCFF028BZR.tar.gz'
curl: Saved to filename 'ENCFF420BMP.tar.gz'
curl: Saved to filename 'ENCFF356AQS.tar.gz'
curl: Saved to filename 'ENCFF586TOF.tar.gz'
curl: Saved to filename 'ENCFF720GZG.tar.gz'
curl: Saved to filename 'ENCFF475GUS.tar.gz'
curl: Saved to filename 'ENCFF350ZIT.tar.gz'
curl: Saved to filename 'ENCFF574GWY.tar.gz'
curl: Saved to filename 'ENCFF897KEK.tar.gz'
curl: Saved to filename 'ENCFF766QNR.tar.gz'
curl: Saved to filename 'ENCFF982HYB.tar.gz'
curl: Saved to filename 'ENCFF642UFR.tar.gz'
curl: Saved to filename 'ENCFF841BQT.tar.gz'
curl: Saved to filename 'ENCFF010TXC.tar.gz'
curl: Saved to filename 'ENCFF252WOO.tar.gz'
curl: Saved to filename 'ENCFF553PSX.tar.gz'
curl: Saved to filename 'ENCFF310LTS.tar.gz'
curl: Saved to filename 'ENCFF637GES.tar.gz'
curl: Saved to filename 'ENCFF707DQQ.tar.gz'
curl: Saved to filename 'ENCFF321INK.tar.gz'
curl: Saved to filename 'ENCFF396UPV.tar.gz'
curl: Saved to filename 'ENCFF319YGL.tar.gz'
curl: Saved to filename 'ENCFF263EVP.tar.gz'
curl: Saved to filename 'ENCFF339FUL.tar.gz'
curl: Saved to filename 'ENCFF311YXE.tar.gz'
curl: Saved to filename 'ENCFF165THM.tar.gz'
curl: Saved to filename 'ENCFF821IFQ.tar.gz'
curl: Saved to filename 'ENCFF045AYE.tar.gz'
curl: Saved to filename 'ENCFF221WGK.tar.gz'
curl: Saved to filename 'ENCFF427TBG.tar.gz'
curl: Saved to filename 'ENCFF050XIP.tar.gz'
curl: Saved to filename 'ENCFF764SJN.tar.gz'
curl: Saved to filename 'ENCFF750IHS.tar.gz'
curl: Saved to filename 'ENCFF042LCU.tar.gz'
curl: Saved to filename 'ENCFF198ZDZ.tar.gz'
curl: Saved to filename 'ENCFF749SMR.tar.gz'
curl: Saved to filename 'ENCFF727CJZ.tar.gz'
curl: Saved to filename 'ENCFF523WIS.tar.gz'
curl: Saved to filename 'ENCFF572KVD.tar.gz'
curl: Saved to filename 'ENCFF137YTG.tar.gz'
curl: Saved to filename 'ENCFF260QKY.tar.gz'
curl: Saved to filename 'ENCFF002FHC.tar.gz'
curl: Saved to filename 'ENCFF847GGB.tar.gz'
curl: Saved to filename 'ENCFF885YDT.tar.gz'
curl: Saved to filename 'ENCFF286OZL.tar.gz'
curl: Saved to filename 'ENCFF300DWP.tar.gz'
curl: Saved to filename 'ENCFF649ODJ.tar.gz'
curl: Saved to filename 'ENCFF347IBQ.tar.gz'
curl: Saved to filename 'ENCFF912OZD.tar.gz'
curl: Saved to filename 'ENCFF467WTR.tar.gz'
curl: Saved to filename 'ENCFF793UYD.tar.gz'
curl: Saved to filename 'ENCFF466YUQ.tar.gz'
curl: Saved to filename 'ENCFF572IZI.tar.gz'
curl: Saved to filename 'ENCFF163PFY.tar.gz'
curl: Saved to filename 'ENCFF014CRV.tar.gz'
curl: Saved to filename 'ENCFF507BJA.tar.gz'
curl: Saved to filename 'ENCFF099FLV.tar.gz'
curl: Saved to filename 'ENCFF938IAK.tar.gz'
curl: Saved to filename 'ENCFF059IVO.tar.gz'
curl: Saved to filename 'ENCFF572LCS.tar.gz'
curl: Saved to filename 'ENCFF042LED.tar.gz'
curl: Saved to filename 'ENCFF839JZU.tar.gz'
curl: Saved to filename 'ENCFF800YUK.tar.gz'
curl: Saved to filename 'ENCFF152DEP.tar.gz'
curl: Saved to filename 'ENCFF502SOX.tar.gz'
curl: Saved to filename 'ENCFF375ODB.tar.gz'
curl: Saved to filename 'ENCFF873DEX.tar.gz'
curl: Saved to filename 'ENCFF291YYJ.tar.gz'
curl: Saved to filename 'ENCFF399CTO.tar.gz'
curl: Saved to filename 'ENCFF304TFJ.tar.gz'
curl: Saved to filename 'ENCFF895QAF.tar.gz'
curl: Saved to filename 'ENCFF778DIX.tar.gz'
curl: Saved to filename 'ENCFF265IUT.tar.gz'
curl: Saved to filename 'ENCFF937QCU.tar.gz'
curl: Saved to filename 'ENCFF121PLD.tar.gz'
curl: Saved to filename 'ENCFF961FHF.tar.gz'
curl: Saved to filename 'ENCFF493KLP.tar.gz'
curl: Saved to filename 'ENCFF305KOJ.tar.gz'
curl: Saved to filename 'ENCFF205FKX.tar.gz'
curl: Saved to filename 'ENCFF125WTG.tar.gz'
curl: Saved to filename 'ENCFF436XXO.tar.gz'
curl: Saved to filename 'ENCFF849EJG.tar.gz'
curl: Saved to filename 'ENCFF910YZU.tar.gz'
curl: Saved to filename 'ENCFF550CCY.tar.gz'
curl: Saved to filename 'ENCFF178GSZ.tar.gz'
curl: Saved to filename 'ENCFF054KER.tar.gz'
curl: Saved to filename 'ENCFF248XLF.tar.gz'
curl: Saved to filename 'ENCFF819FJO.tar.gz'
curl: Saved to filename 'ENCFF559QFA.tar.gz'
curl: Saved to filename 'ENCFF413LWW.tar.gz'
curl: Saved to filename 'ENCFF706OKB.tar.gz'
